<?xml version="1.0" encoding="UTF-8"?>
<!-- Generated by org.testng.reporters.JUnitReportReporter -->
<testsuite hostname="arzu" failures="0" tests="1" name="Com.test.TestNGdemo" time="0.008" errors="0" timestamp="2020-05-19T14:53:12 CDT" skipped="0">
  <testcase classname="Com.test.TestNGdemo" name="firstTest" time="0.008"/>
  <system-out/>
</testsuite> <!-- Com.test.TestNGdemo -->
