<?xml version="1.0" encoding="UTF-8"?>
<!-- Generated by org.testng.reporters.JUnitReportReporter -->
<testsuite hostname="arzu" failures="0" tests="2" name="Com.test.TestNGdemo2" time="0.032" errors="0" timestamp="2020-05-19T15:48:44 CDT" skipped="0">
  <testcase classname="Com.test.TestNGdemo2" name="firstTest" time="0.016"/>
  <system-out/>
  <testcase classname="Com.test.TestNGdemo2" name="secondTest" time="0.016"/>
  <system-out/>
</testsuite> <!-- Com.test.TestNGdemo2 -->
