<?xml version="1.0" encoding="UTF-8"?>
<!-- Generated by org.testng.reporters.JUnitReportReporter -->
<testsuite hostname="arzu" failures="0" tests="1" name="Com.test.TestingNg" time="0.016" errors="0" timestamp="2020-05-19T12:54:12 CDT" skipped="0">
  <testcase classname="Com.test.TestingNg" name="hello" time="0.016"/>
  <system-out/>
</testsuite> <!-- Com.test.TestingNg -->
